Base path: '/Applications/2019.2.19f1/Unity.app/Contents', plugins path '/Applications/2019.2.19f1/Unity.app/Contents/PlaybackEngines'
Cmd: initializeCompiler
Cmd: compileComputeKernel
  api=14 insize=7960 outsize=3081 ok=1
Cmd: compileComputeKernel
  api=14 insize=7960 outsize=3032 ok=1
Cmd: compileComputeKernel
  api=14 insize=7960 outsize=2998 ok=1
Cmd: translateComputeKernel
  api=14 insize=2708 outsize=2654 ok=1
Cmd: translateComputeKernel
  api=14 insize=2772 outsize=2815 ok=1
Cmd: translateComputeKernel
  api=14 insize=3225 outsize=3625 ok=1
Cmd: compileComputeKernel
  api=14 insize=68835 outsize=3877 ok=1
Cmd: compileComputeKernel
  api=14 insize=68835 outsize=5896 ok=1
Cmd: compileComputeKernel
  api=14 insize=68835 outsize=6622 ok=1
Cmd: translateComputeKernel
  api=14 insize=8877 outsize=17646 ok=1
Cmd: translateComputeKernel
  api=14 insize=6655 outsize=12112 ok=1
Cmd: compileComputeKernel
  api=14 insize=9919 outsize=2923 ok=1
Cmd: compileComputeKernel
  api=14 insize=9919 outsize=2955 ok=1
Cmd: compileComputeKernel
  api=14 insize=9919 outsize=2953 ok=1
Cmd: translateComputeKernel
  api=14 insize=2923 outsize=4236 ok=1
Cmd: translateComputeKernel
  api=14 insize=2923 outsize=4240 ok=1
Cmd: translateComputeKernel
  api=14 insize=2957 outsize=4285 ok=1
Cmd: compileComputeKernel
  api=14 insize=45523 outsize=8584 ok=1
Cmd: compileComputeKernel
  api=14 insize=45523 outsize=5492 ok=1
Cmd: compileComputeKernel
  api=14 insize=45523 outsize=4252 ok=1
Cmd: compileComputeKernel
  api=14 insize=45523 outsize=4913 ok=1
Cmd: translateComputeKernel
  api=14 insize=4027 outsize=6095 ok=1
Cmd: translateComputeKernel
  api=14 insize=10961 outsize=19478 ok=1
Cmd: translateComputeKernel
  api=14 insize=5492 outsize=9336 ok=1
Cmd: translateComputeKernel
  api=14 insize=4252 outsize=6905 ok=1
Cmd: translateComputeKernel
  api=14 insize=4913 outsize=8709 ok=1
Cmd: translateComputeKernel
  api=14 insize=5776 outsize=8747 ok=1
Cmd: compileComputeKernel
  api=14 insize=6546 outsize=3332 ok=1
Cmd: compileComputeKernel
  api=14 insize=6546 outsize=2718 ok=1
Cmd: translateComputeKernel
  api=14 insize=3119 outsize=3829 ok=1
Cmd: compileComputeKernel
  error: 1 plat 14 at Tensor.cginc(141): use of potentially uninitialized variable (ReadonlyTensor::SafeGet)
  api=14 insize=47665 outsize=4778 ok=1
Cmd: compileComputeKernel
  api=14 insize=47665 outsize=3322 ok=1
Cmd: compileComputeKernel
  api=14 insize=47665 outsize=3772 ok=1
Cmd: compileComputeKernel
  api=14 insize=47665 outsize=3410 ok=1
Cmd: compileComputeKernel
  api=14 insize=47665 outsize=3067 ok=1
Cmd: compileComputeKernel
  api=14 insize=47665 outsize=3053 ok=1
Cmd: compileComputeKernel
  api=14 insize=47665 outsize=3425 ok=1
Cmd: compileComputeKernel
  api=14 insize=47665 outsize=3188 ok=1
Cmd: compileComputeKernel
  api=14 insize=47665 outsize=3054 ok=1
Cmd: compileComputeKernel
  api=14 insize=47665 outsize=3130 ok=1
Cmd: compileComputeKernel
  api=14 insize=47665 outsize=3731 ok=1
Cmd: compileComputeKernel
  api=14 insize=47665 outsize=3727 ok=1
Cmd: compileComputeKernel
  api=14 insize=47665 outsize=3756 ok=1
Cmd: compileComputeKernel
  api=14 insize=47665 outsize=3905 ok=1
Cmd: compileComputeKernel
  api=14 insize=47665 outsize=3084 ok=1
Cmd: compileComputeKernel
  api=14 insize=47665 outsize=3753 ok=1
Cmd: compileComputeKernel
  api=14 insize=47665 outsize=3605 ok=1
Cmd: translateComputeKernel
  api=14 insize=5001 outsize=6967 ok=1
Cmd: translateComputeKernel
  api=14 insize=3802 outsize=4129 ok=1
Cmd: translateComputeKernel
  api=14 insize=4305 outsize=5661 ok=1
Cmd: translateComputeKernel
  api=14 insize=5390 outsize=7388 ok=1
Cmd: translateComputeKernel
  api=14 insize=3667 outsize=3761 ok=1
Cmd: translateComputeKernel
  api=14 insize=3563 outsize=3564 ok=1
Cmd: translateComputeKernel
  api=14 insize=3580 outsize=3587 ok=1
Cmd: translateComputeKernel
  api=14 insize=4173 outsize=4952 ok=1
Cmd: translateComputeKernel
  api=14 insize=4169 outsize=4953 ok=1
Cmd: translateComputeKernel
  api=14 insize=4198 outsize=4992 ok=1
Cmd: translateComputeKernel
  api=14 insize=4348 outsize=5243 ok=1
Cmd: translateComputeKernel
  api=14 insize=3593 outsize=3673 ok=1
Cmd: translateComputeKernel
  api=14 insize=5084 outsize=6717 ok=1
Cmd: compileComputeKernel
  api=14 insize=4103 outsize=2847 ok=1
Cmd: translateComputeKernel
  api=14 insize=2971 outsize=3826 ok=1
Cmd: compileComputeKernel
  api=14 insize=29386 outsize=2053 ok=1
Cmd: compileComputeKernel
  api=14 insize=29386 outsize=2058 ok=1
Cmd: compileComputeKernel
  api=14 insize=29386 outsize=1223 ok=1
Cmd: compileComputeKernel
  api=14 insize=29386 outsize=2313 ok=1
Cmd: compileComputeKernel
  api=14 insize=29386 outsize=2381 ok=1
Cmd: compileComputeKernel
  api=14 insize=29386 outsize=2149 ok=1
Cmd: compileComputeKernel
  api=14 insize=29386 outsize=2399 ok=1
Cmd: compileComputeKernel
  api=14 insize=29386 outsize=2220 ok=1
Cmd: compileComputeKernel
  api=14 insize=29386 outsize=2077 ok=1
Cmd: compileComputeKernel
  api=14 insize=29386 outsize=2145 ok=1
Cmd: compileComputeKernel
  api=14 insize=29386 outsize=2092 ok=1
Cmd: compileComputeKernel
  api=14 insize=29386 outsize=2248 ok=1
Cmd: compileComputeKernel
  api=14 insize=29386 outsize=2600 ok=1
Cmd: compileComputeKernel
  api=14 insize=29386 outsize=3332 ok=1
Cmd: compileComputeKernel
  api=14 insize=29386 outsize=2891 ok=1
Cmd: compileComputeKernel
  api=14 insize=29386 outsize=2717 ok=1
Cmd: compileComputeKernel
  api=14 insize=29386 outsize=2691 ok=1
Cmd: compileComputeKernel
  api=14 insize=29386 outsize=2730 ok=1
Cmd: compileComputeKernel
  api=14 insize=29386 outsize=2659 ok=1
Cmd: compileComputeKernel
  api=14 insize=29386 outsize=2619 ok=1
Cmd: compileComputeKernel
  api=14 insize=29386 outsize=2740 ok=1
Cmd: compileComputeKernel
  api=14 insize=29386 outsize=2758 ok=1
Cmd: translateComputeKernel
  api=14 insize=2251 outsize=1865 ok=1
Cmd: translateComputeKernel
  api=14 insize=1419 outsize=1449 ok=1
Cmd: translateComputeKernel
  api=14 insize=2342 outsize=1999 ok=1
Cmd: translateComputeKernel
  api=14 insize=2449 outsize=2108 ok=1
Cmd: translateComputeKernel
  api=14 insize=1875 outsize=2029 ok=1
Cmd: translateComputeKernel
  api=14 insize=1598 outsize=1648 ok=1
Cmd: translateComputeKernel
  api=14 insize=2290 outsize=1917 ok=1
Cmd: translateComputeKernel
  api=14 insize=2350 outsize=2033 ok=1
Cmd: translateComputeKernel
  api=14 insize=1458 outsize=1514 ok=1
Cmd: translateComputeKernel
  api=14 insize=2300 outsize=1918 ok=1
Cmd: translateComputeKernel
  api=14 insize=1481 outsize=1562 ok=1
Cmd: translateComputeKernel
  api=14 insize=2824 outsize=2967 ok=1
Cmd: translateComputeKernel
  api=14 insize=2830 outsize=3143 ok=1
Cmd: translateComputeKernel
  api=14 insize=3020 outsize=3254 ok=1
Cmd: translateComputeKernel
  api=14 insize=2989 outsize=3392 ok=1
Cmd: translateComputeKernel
  api=14 insize=2915 outsize=3080 ok=1
Cmd: translateComputeKernel
  api=14 insize=2944 outsize=3323 ok=1
Cmd: translateComputeKernel
  api=14 insize=2798 outsize=3151 ok=1
Cmd: translateComputeKernel
  api=14 insize=2780 outsize=3114 ok=1
Cmd: translateComputeKernel
  api=14 insize=2816 outsize=2963 ok=1
Cmd: translateComputeKernel
  api=14 insize=2848 outsize=3178 ok=1
Cmd: translateComputeKernel
  api=14 insize=3150 outsize=3557 ok=1

Quitting shader compiler process
