Base path: '/Applications/2019.2.19f1/Unity.app/Contents', plugins path '/Applications/2019.2.19f1/Unity.app/Contents/PlaybackEngines'
Cmd: initializeCompiler
Cmd: compileComputeKernel
  api=14 insize=7960 outsize=2569 ok=1
Cmd: translateComputeKernel
  api=14 insize=2761 outsize=2729 ok=1
Cmd: translateComputeKernel
  api=14 insize=4178 outsize=5830 ok=1
Cmd: compileComputeKernel
  api=14 insize=68835 outsize=8733 ok=1
Cmd: translateComputeKernel
  api=14 insize=13802 outsize=26478 ok=1
Cmd: compileComputeKernel
  api=14 insize=9919 outsize=2923 ok=1
Cmd: compileComputeKernel
  api=14 insize=9919 outsize=3363 ok=1
Cmd: compileComputeKernel
  api=14 insize=9919 outsize=2957 ok=1
Cmd: compileComputeKernel
  api=14 insize=9919 outsize=3102 ok=1
Cmd: translateComputeKernel
  api=14 insize=2923 outsize=4236 ok=1
Cmd: translateComputeKernel
  api=14 insize=2955 outsize=4282 ok=1
Cmd: translateComputeKernel
  api=14 insize=2952 outsize=4279 ok=1
Cmd: translateComputeKernel
  api=14 insize=3102 outsize=4531 ok=1
Cmd: compileComputeKernel
  api=14 insize=45523 outsize=12312 ok=1
Cmd: compileComputeKernel
  api=14 insize=45523 outsize=5617 ok=1
Cmd: compileComputeKernel
  api=14 insize=45523 outsize=13383 ok=1
Cmd: translateComputeKernel
  api=14 insize=8584 outsize=16876 ok=1
Cmd: translateComputeKernel
  api=14 insize=25227 outsize=52516 ok=1
Cmd: compileComputeKernel
  api=14 insize=6546 outsize=2991 ok=1
Cmd: compileComputeKernel
  api=14 insize=6546 outsize=3842 ok=1
Cmd: translateComputeKernel
  api=14 insize=3420 outsize=4537 ok=1
Cmd: compileComputeKernel
  api=14 insize=47665 outsize=3498 ok=1
Cmd: compileComputeKernel
  api=14 insize=47665 outsize=4891 ok=1
Cmd: compileComputeKernel
  error: 1 plat 14 at Tensor.cginc(141): use of potentially uninitialized variable (ReadonlyTensor::SafeGet)
  api=14 insize=47665 outsize=3884 ok=1
Cmd: compileComputeKernel
  api=14 insize=47665 outsize=3544 ok=1
Cmd: compileComputeKernel
  api=14 insize=47665 outsize=3353 ok=1
Cmd: compileComputeKernel
  api=14 insize=47665 outsize=3030 ok=1
Cmd: compileComputeKernel
  api=14 insize=47665 outsize=3374 ok=1
Cmd: compileComputeKernel
  api=14 insize=47665 outsize=3064 ok=1
Cmd: compileComputeKernel
  api=14 insize=47665 outsize=3290 ok=1
Cmd: compileComputeKernel
  api=14 insize=47665 outsize=3520 ok=1
Cmd: compileComputeKernel
  api=14 insize=47665 outsize=3727 ok=1
Cmd: compileComputeKernel
  api=14 insize=47665 outsize=3727 ok=1
Cmd: compileComputeKernel
  api=14 insize=47665 outsize=3761 ok=1
Cmd: compileComputeKernel
  api=14 insize=47665 outsize=3069 ok=1
Cmd: compileComputeKernel
  api=14 insize=47665 outsize=3084 ok=1
Cmd: compileComputeKernel
  api=14 insize=47665 outsize=3337 ok=1
Cmd: compileComputeKernel
  api=14 insize=47665 outsize=3523 ok=1
Cmd: translateComputeKernel
  api=14 insize=12936 outsize=22507 ok=1
Cmd: translateComputeKernel
  api=14 insize=3621 outsize=3656 ok=1
Cmd: translateComputeKernel
  api=14 insize=3772 outsize=3870 ok=1
Cmd: translateComputeKernel
  api=14 insize=3581 outsize=3601 ok=1
Cmd: translateComputeKernel
  api=14 insize=3563 outsize=3565 ok=1
Cmd: translateComputeKernel
  api=14 insize=3588 outsize=3556 ok=1
Cmd: translateComputeKernel
  api=14 insize=4169 outsize=4949 ok=1
Cmd: translateComputeKernel
  api=14 insize=4201 outsize=4995 ok=1
Cmd: translateComputeKernel
  api=14 insize=4199 outsize=4994 ok=1
Cmd: translateComputeKernel
  api=14 insize=3578 outsize=3574 ok=1
Cmd: translateComputeKernel
  api=14 insize=3593 outsize=3689 ok=1
Cmd: translateComputeKernel
  api=14 insize=4168 outsize=4753 ok=1
Cmd: compileComputeKernel
  api=14 insize=4103 outsize=2612 ok=1
Cmd: translateComputeKernel
  api=14 insize=2905 outsize=3734 ok=1
Cmd: translateComputeKernel
  api=14 insize=4325 outsize=7631 ok=1
Cmd: compileComputeKernel
  api=14 insize=29386 outsize=1157 ok=1
Cmd: compileComputeKernel
  api=14 insize=29386 outsize=1166 ok=1
Cmd: compileComputeKernel
  api=14 insize=29386 outsize=2182 ok=1
Cmd: compileComputeKernel
  api=14 insize=29386 outsize=2408 ok=1
Cmd: compileComputeKernel
  api=14 insize=29386 outsize=2135 ok=1
Cmd: compileComputeKernel
  api=14 insize=29386 outsize=1345 ok=1
Cmd: compileComputeKernel
  api=14 insize=29386 outsize=2326 ok=1
Cmd: compileComputeKernel
  api=14 insize=29386 outsize=2077 ok=1
Cmd: compileComputeKernel
  api=14 insize=29386 outsize=1205 ok=1
Cmd: compileComputeKernel
  api=14 insize=29386 outsize=2135 ok=1
Cmd: compileComputeKernel
  api=14 insize=29386 outsize=1228 ok=1
Cmd: compileComputeKernel
  api=14 insize=29386 outsize=2663 ok=1
Cmd: compileComputeKernel
  api=14 insize=29386 outsize=2669 ok=1
Cmd: compileComputeKernel
  api=14 insize=29386 outsize=2918 ok=1
Cmd: compileComputeKernel
  api=14 insize=29386 outsize=2868 ok=1
Cmd: compileComputeKernel
  api=14 insize=29386 outsize=2677 ok=1
Cmd: compileComputeKernel
  api=14 insize=29386 outsize=2836 ok=1
Cmd: compileComputeKernel
  api=14 insize=29386 outsize=2707 ok=1
Cmd: compileComputeKernel
  api=14 insize=29386 outsize=2619 ok=1
Cmd: compileComputeKernel
  api=14 insize=29386 outsize=2655 ok=1
Cmd: compileComputeKernel
  api=14 insize=29386 outsize=2717 ok=1
Cmd: compileComputeKernel
  api=14 insize=29386 outsize=2989 ok=1
Cmd: translateComputeKernel
  api=14 insize=1410 outsize=1434 ok=1
Cmd: translateComputeKernel
  api=14 insize=2311 outsize=1977 ok=1
Cmd: translateComputeKernel
  api=14 insize=1476 outsize=1516 ok=1
Cmd: translateComputeKernel
  api=14 insize=2509 outsize=2248 ok=1
Cmd: translateComputeKernel
  api=14 insize=2541 outsize=2302 ok=1
Cmd: translateComputeKernel
  api=14 insize=2404 outsize=2074 ok=1
Cmd: translateComputeKernel
  api=14 insize=2456 outsize=2195 ok=1
Cmd: translateComputeKernel
  api=14 insize=2272 outsize=1880 ok=1
Cmd: translateComputeKernel
  api=14 insize=2272 outsize=1881 ok=1
Cmd: translateComputeKernel
  api=14 insize=2305 outsize=1957 ok=1
Cmd: translateComputeKernel
  api=14 insize=2287 outsize=1890 ok=1
Cmd: translateComputeKernel
  api=14 insize=2349 outsize=2019 ok=1
Cmd: translateComputeKernel
  api=14 insize=2853 outsize=3005 ok=1
Cmd: translateComputeKernel
  api=14 insize=2704 outsize=2669 ok=1
Cmd: translateComputeKernel
  api=14 insize=2957 outsize=3342 ok=1
Cmd: translateComputeKernel
  api=14 insize=2901 outsize=3094 ok=1
Cmd: translateComputeKernel
  api=14 insize=2892 outsize=3210 ok=1
Cmd: translateComputeKernel
  api=14 insize=2904 outsize=3297 ok=1
Cmd: translateComputeKernel
  api=14 insize=2843 outsize=3002 ok=1
Cmd: translateComputeKernel
  api=14 insize=2820 outsize=3141 ok=1
Cmd: translateComputeKernel
  api=14 insize=2753 outsize=3079 ok=1
Cmd: translateComputeKernel
  api=14 insize=3163 outsize=3551 ok=1

Quitting shader compiler process
