Base path: '/Applications/2019.2.19f1/Unity.app/Contents', plugins path '/Applications/2019.2.19f1/Unity.app/Contents/PlaybackEngines'
Cmd: initializeCompiler
Cmd: compileComputeKernel
  api=14 insize=7960 outsize=2550 ok=1
Cmd: translateComputeKernel
  api=14 insize=3239 outsize=3679 ok=1
Cmd: translateComputeKernel
  api=14 insize=3157 outsize=3391 ok=1
Cmd: translateComputeKernel
  api=14 insize=2979 outsize=3096 ok=1
Cmd: compileComputeKernel
  api=14 insize=68835 outsize=8877 ok=1
Cmd: compileComputeKernel
  api=14 insize=68835 outsize=7284 ok=1
Cmd: translateComputeKernel
  api=14 insize=8733 outsize=16335 ok=1
Cmd: translateComputeKernel
  api=14 insize=7284 outsize=12597 ok=1
Cmd: compileComputeKernel
  api=14 insize=9919 outsize=2927 ok=1
Cmd: compileComputeKernel
  api=14 insize=9919 outsize=2923 ok=1
Cmd: compileComputeKernel
  api=14 insize=9919 outsize=2952 ok=1
Cmd: compileComputeKernel
  api=14 insize=9919 outsize=3102 ok=1
Cmd: translateComputeKernel
  api=14 insize=2923 outsize=4236 ok=1
Cmd: translateComputeKernel
  api=14 insize=2923 outsize=4240 ok=1
Cmd: translateComputeKernel
  api=14 insize=2960 outsize=4288 ok=1
Cmd: translateComputeKernel
  api=14 insize=3101 outsize=4530 ok=1
Cmd: compileComputeKernel
  api=14 insize=45523 outsize=14464 ok=1
Cmd: translateComputeKernel
  api=14 insize=12345 outsize=23671 ok=1
Cmd: translateComputeKernel
  api=14 insize=13414 outsize=25595 ok=1
Cmd: compileComputeKernel
  api=14 insize=6546 outsize=3091 ok=1
Cmd: translateComputeKernel
  api=14 insize=3019 outsize=3665 ok=1
Cmd: translateComputeKernel
  api=14 insize=3930 outsize=6263 ok=1
Cmd: compileComputeKernel
  error: 1 plat 14 at Tensor.cginc(141): use of potentially uninitialized variable (ReadonlyTensor::SafeGet)
  api=14 insize=47665 outsize=4651 ok=1
Cmd: compileComputeKernel
  api=14 insize=47665 outsize=3432 ok=1
Cmd: compileComputeKernel
  api=14 insize=47665 outsize=3078 ok=1
Cmd: compileComputeKernel
  api=14 insize=47665 outsize=3174 ok=1
Cmd: compileComputeKernel
  api=14 insize=47665 outsize=4979 ok=1
Cmd: compileComputeKernel
  api=14 insize=47665 outsize=3112 ok=1
Cmd: compileComputeKernel
  api=14 insize=47665 outsize=3126 ok=1
Cmd: compileComputeKernel
  api=14 insize=47665 outsize=3704 ok=1
Cmd: compileComputeKernel
  api=14 insize=47665 outsize=3027 ok=1
Cmd: compileComputeKernel
  api=14 insize=47665 outsize=3727 ok=1
Cmd: compileComputeKernel
  api=14 insize=47665 outsize=4167 ok=1
Cmd: compileComputeKernel
  api=14 insize=47665 outsize=3764 ok=1
Cmd: compileComputeKernel
  api=14 insize=47665 outsize=3906 ok=1
Cmd: compileComputeKernel
  api=14 insize=47665 outsize=3084 ok=1
Cmd: compileComputeKernel
  api=14 insize=47665 outsize=4658 ok=1
Cmd: compileComputeKernel
  api=14 insize=47665 outsize=4360 ok=1
Cmd: translateComputeKernel
  api=14 insize=3907 outsize=4203 ok=1
Cmd: translateComputeKernel
  api=14 insize=5241 outsize=7706 ok=1
Cmd: translateComputeKernel
  api=14 insize=3587 outsize=3760 ok=1
Cmd: translateComputeKernel
  api=14 insize=3919 outsize=4431 ok=1
Cmd: translateComputeKernel
  api=14 insize=3803 outsize=3941 ok=1
Cmd: translateComputeKernel
  api=14 insize=3539 outsize=3521 ok=1
Cmd: translateComputeKernel
  api=14 insize=3934 outsize=4182 ok=1
Cmd: translateComputeKernel
  api=14 insize=3573 outsize=3567 ok=1
Cmd: translateComputeKernel
  api=14 insize=4146 outsize=4784 ok=1
Cmd: translateComputeKernel
  api=14 insize=3999 outsize=4292 ok=1
Cmd: translateComputeKernel
  api=14 insize=4169 outsize=4949 ok=1
Cmd: translateComputeKernel
  api=14 insize=4169 outsize=4953 ok=1
Cmd: translateComputeKernel
  api=14 insize=4203 outsize=4998 ok=1
Cmd: translateComputeKernel
  api=14 insize=4348 outsize=5244 ok=1
Cmd: translateComputeKernel
  api=14 insize=3646 outsize=3810 ok=1
Cmd: translateComputeKernel
  api=14 insize=3760 outsize=3923 ok=1
Cmd: translateComputeKernel
  api=14 insize=4004 outsize=4279 ok=1
Cmd: translateComputeKernel
  api=14 insize=4807 outsize=6205 ok=1
Cmd: compileComputeKernel
  api=14 insize=4103 outsize=2913 ok=1
Cmd: translateComputeKernel
  api=14 insize=2757 outsize=3255 ok=1
Cmd: compileComputeKernel
  api=14 insize=29386 outsize=2056 ok=1
Cmd: compileComputeKernel
  api=14 insize=29386 outsize=2153 ok=1
Cmd: compileComputeKernel
  api=14 insize=29386 outsize=2446 ok=1
Cmd: compileComputeKernel
  api=14 insize=29386 outsize=2286 ok=1
Cmd: compileComputeKernel
  api=14 insize=29386 outsize=1319 ok=1
Cmd: compileComputeKernel
  api=14 insize=29386 outsize=2231 ok=1
Cmd: compileComputeKernel
  api=14 insize=29386 outsize=2181 ok=1
Cmd: compileComputeKernel
  api=14 insize=29386 outsize=2172 ok=1
Cmd: compileComputeKernel
  api=14 insize=29386 outsize=2050 ok=1
Cmd: compileComputeKernel
  api=14 insize=29386 outsize=2230 ok=1
Cmd: compileComputeKernel
  api=14 insize=29386 outsize=2153 ok=1
Cmd: compileComputeKernel
  api=14 insize=29386 outsize=2640 ok=1
Cmd: compileComputeKernel
  api=14 insize=29386 outsize=2629 ok=1
Cmd: compileComputeKernel
  api=14 insize=29386 outsize=2895 ok=1
Cmd: compileComputeKernel
  api=14 insize=29386 outsize=2828 ok=1
Cmd: compileComputeKernel
  api=14 insize=29386 outsize=2754 ok=1
Cmd: compileComputeKernel
  api=14 insize=29386 outsize=2773 ok=1
Cmd: compileComputeKernel
  api=14 insize=29386 outsize=2682 ok=1
Cmd: compileComputeKernel
  api=14 insize=29386 outsize=2659 ok=1
Cmd: compileComputeKernel
  api=14 insize=29386 outsize=2632 ok=1
Cmd: compileComputeKernel
  api=14 insize=29386 outsize=3002 ok=1
Cmd: compileComputeKernel
  api=14 insize=29386 outsize=2695 ok=1
Cmd: translateComputeKernel
  api=14 insize=2248 outsize=1841 ok=1
Cmd: translateComputeKernel
  api=14 insize=2253 outsize=1849 ok=1
Cmd: translateComputeKernel
  api=14 insize=2282 outsize=1883 ok=1
Cmd: translateComputeKernel
  api=14 insize=2671 outsize=2671 ok=1
Cmd: translateComputeKernel
  api=14 insize=2330 outsize=1964 ok=1
Cmd: translateComputeKernel
  api=14 insize=2390 outsize=2088 ok=1
Cmd: translateComputeKernel
  api=14 insize=2598 outsize=2369 ok=1
Cmd: translateComputeKernel
  api=14 insize=1458 outsize=1512 ok=1
Cmd: translateComputeKernel
  api=14 insize=2332 outsize=1997 ok=1
Cmd: translateComputeKernel
  api=14 insize=2406 outsize=2117 ok=1
Cmd: translateComputeKernel
  api=14 insize=2347 outsize=2024 ok=1
Cmd: translateComputeKernel
  api=14 insize=2761 outsize=3083 ok=1
Cmd: translateComputeKernel
  api=14 insize=3426 outsize=4220 ok=1
Cmd: translateComputeKernel
  api=14 insize=3052 outsize=3308 ok=1
Cmd: translateComputeKernel
  api=14 insize=2878 outsize=3224 ok=1
Cmd: translateComputeKernel
  api=14 insize=2852 outsize=3184 ok=1
Cmd: translateComputeKernel
  api=14 insize=2861 outsize=3039 ok=1
Cmd: translateComputeKernel
  api=14 insize=2820 outsize=3140 ok=1
Cmd: translateComputeKernel
  api=14 insize=2780 outsize=3115 ok=1
Cmd: translateComputeKernel
  api=14 insize=2871 outsize=3044 ok=1
Cmd: translateComputeKernel
  api=14 insize=2860 outsize=3025 ok=1
Cmd: translateComputeKernel
  api=14 insize=2797 outsize=3137 ok=1

Quitting shader compiler process
